Build started 10/01/2012 20:32:06.
     1>Project "D:\Projects\releases\libgizmo\libGizmo\src\win32example\win32example.vcxproj" on node 2 (build target(s)).
     1>InitializeBuildStatus:
         Creating "Debug\win32example.unsuccessfulbuild" because "AlwaysCreate" was specified.
       ClCompile:
         All outputs are up-to-date.
       ManifestResourceCompile:
         All outputs are up-to-date.
     1>C:\Program Files (x86)\MSBuild\Microsoft.Cpp\v4.0\Microsoft.CppBuild.targets(990,5): warning MSB8012: TargetPath(D:\Projects\releases\libgizmo\libGizmo\src\Debug\win32example.exe) does not match the Linker's OutputFile property value (D:\Projects\releases\libgizmo\libGizmo\bin\win32exampleDebug.exe). This may cause your project to build incorrectly. To correct this, please make sure that $(OutDir), $(TargetName) and $(TargetExt) property values match the value specified in %(Link.OutputFile).
     1>C:\Program Files (x86)\MSBuild\Microsoft.Cpp\v4.0\Microsoft.CppBuild.targets(992,5): warning MSB8012: TargetName(win32example) does not match the Linker's OutputFile property value (win32exampleDebug). This may cause your project to build incorrectly. To correct this, please make sure that $(OutDir), $(TargetName) and $(TargetExt) property values match the value specified in %(Link.OutputFile).
       Link:
         All outputs are up-to-date.
       Manifest:
         All outputs are up-to-date.
       FinalizeBuildStatus:
         Deleting file "Debug\win32example.unsuccessfulbuild".
         Touching "Debug\win32example.lastbuildstate".
     1>Done Building Project "D:\Projects\releases\libgizmo\libGizmo\src\win32example\win32example.vcxproj" (build target(s)).

Build succeeded.

Time Elapsed 00:00:00.07
