Build started 15/02/2012 15:14:26.
     1>Project "D:\Projects\releases\libgizmo\libGizmo\src\win32example\win32example.vcxproj" on node 3 (build target(s)).
     1>InitializeBuildStatus:
         Creating "Release\win32example.unsuccessfulbuild" because "AlwaysCreate" was specified.
       ClCompile:
         All outputs are up-to-date.
     1>C:\Program Files (x86)\MSBuild\Microsoft.Cpp\v4.0\Microsoft.CppBuild.targets(990,5): warning MSB8012: TargetPath(D:\Projects\releases\libgizmo\libGizmo\src\Release\win32example.exe) does not match the Linker's OutputFile property value (D:\Projects\releases\libgizmo\libGizmo\bin\win32example.exe). This may cause your project to build incorrectly. To correct this, please make sure that $(OutDir), $(TargetName) and $(TargetExt) property values match the value specified in %(Link.OutputFile).
       Link:
         C:\Program Files (x86)\Microsoft Visual Studio 10.0\VC\bin\link.exe /ERRORREPORT:PROMPT /OUT:"D:\Projects\releases\libgizmo\libGizmo\src\\..\bin\win32example.exe" /INCREMENTAL:NO /NOLOGO opengl32.lib D:\Projects\releases\libgizmo\libGizmo\src\\..\lib\libgizmo.lib glu32.lib kernel32.lib user32.lib gdi32.lib winspool.lib comdlg32.lib advapi32.lib shell32.lib ole32.lib oleaut32.lib uuid.lib odbc32.lib odbccp32.lib /MANIFEST /ManifestFile:"Release\win32example.exe.intermediate.manifest" /MANIFESTUAC:"level='asInvoker' uiAccess='false'" /DEBUG /PDB:"D:\Projects\releases\libgizmo\libGizmo\src\Release\win32example.pdb" /SUBSYSTEM:WINDOWS /OPT:REF /OPT:ICF /LTCG /TLBID:1 /DYNAMICBASE /NXCOMPAT /IMPLIB:"D:\Projects\releases\libgizmo\libGizmo\src\Release\win32example.lib" /MACHINE:X86 Release\Lesson6.obj
     1>LINK : warning LNK4098: defaultlib 'LIBCMT' conflicts with use of other libs; use /NODEFAULTLIB:library
         Generating code
         Finished generating code
         win32example.vcxproj -> D:\Projects\releases\libgizmo\libGizmo\src\Release\win32example.exe
       Manifest:
         C:\Program Files (x86)\Microsoft SDKs\Windows\v7.0A\bin\mt.exe /nologo /verbose /outputresource:"D:\Projects\releases\libgizmo\libGizmo\src\\..\bin\win32example.exe;#1" /manifest Release\win32example.exe.intermediate.manifest
       FinalizeBuildStatus:
         Deleting file "Release\win32example.unsuccessfulbuild".
         Touching "Release\win32example.lastbuildstate".
     1>Done Building Project "D:\Projects\releases\libgizmo\libGizmo\src\win32example\win32example.vcxproj" (build target(s)).

Build succeeded.

Time Elapsed 00:00:02.57
